<?xml version="1.0" encoding="UTF-8"?>
<testng-results skipped="0" failed="0" ignored="0" total="1" passed="1">
  <reporter-output>
  </reporter-output>
  <suite name="Default suite" duration-ms="43025" started-at="2020-02-13T18:46:35 EST" finished-at="2020-02-13T18:47:18 EST">
    <groups>
    </groups>
    <test name="Default test" duration-ms="43025" started-at="2020-02-13T18:46:35 EST" finished-at="2020-02-13T18:47:18 EST">
      <class name="com.pageFactoryDemo.loginTest.LoginTest">
        <test-method status="PASS" signature="setup()[pri:0, instance:com.pageFactoryDemo.loginTest.LoginTest@17a7f733]" name="setup" is-config="true" duration-ms="6185" started-at="2020-02-13T18:46:36 EST" finished-at="2020-02-13T18:46:42 EST">
          <reporter-output>
          </reporter-output>
        </test-method> <!-- setup -->
        <test-method status="PASS" signature="Login()[pri:0, instance:com.pageFactoryDemo.loginTest.LoginTest@17a7f733]" name="Login" duration-ms="35762" started-at="2020-02-13T18:46:42 EST" finished-at="2020-02-13T18:47:17 EST">
          <reporter-output>
          </reporter-output>
        </test-method> <!-- Login -->
        <test-method status="PASS" signature="tearDown()[pri:0, instance:com.pageFactoryDemo.loginTest.LoginTest@17a7f733]" name="tearDown" is-config="true" duration-ms="991" started-at="2020-02-13T18:47:17 EST" finished-at="2020-02-13T18:47:18 EST">
          <reporter-output>
          </reporter-output>
        </test-method> <!-- tearDown -->
      </class> <!-- com.pageFactoryDemo.loginTest.LoginTest -->
    </test> <!-- Default test -->
  </suite> <!-- Default suite -->
</testng-results>
